# JRE version: OpenJDK Runtime Environment Microsoft-11369865 (17.0.15+6) (build 17.0.15+6-LTS)
# Java VM: OpenJDK 64-Bit Server VM Microsoft-11369865 (17.0.15+6-LTS, mixed mode, sharing, tiered, compressed oops, compressed class ptrs, g1 gc, windows-amd64)
GC Precious Log:
 CPUs: 8 total, 8 available
 Memory: 6082M
 Large Page Support: Disabled
 NUMA Support: Disabled
 Compressed Oops: Enabled (Zero based)
 Heap Region Size: 4M
 Heap Min Capacity: 8M
 Heap Initial Capacity: 96M
 Heap Max Capacity: 4608M
 Pre-touch: Disabled
 Parallel Workers: 8
 Concurrent Workers: 2
 Concurrent Refinement Workers: 8
 Periodic GC: Disabled
Heap:
 garbage-first heap   total 1642496K, used 1188534K [0x00000006e0000000, 0x0000000800000000)
  region size 4096K, 69 young (282624K), 2 survivors (8192K)
 Metaspace       used 178425K, committed 180672K, reserved 1245184K
  class space    used 23259K, committed 24320K, reserved 1048576K
GC Heap History (20 events):
Event: 6987.677 GC heap before
{Heap before GC invocations=192 (full 1):
 garbage-first heap   total 1642496K, used 897831K [0x00000006e0000000, 0x0000000800000000)
  region size 4096K, 20 young (81920K), 3 survivors (12288K)
 Metaspace       used 171597K, committed 173760K, reserved 1245184K
  class space    used 22551K, committed 23552K, reserved 1048576K
}
Event: 6987.776 GC heap after
{Heap after GC invocations=193 (full 1):
 garbage-first heap   total 1642496K, used 842044K [0x00000006e0000000, 0x0000000800000000)
  region size 4096K, 3 young (12288K), 3 survivors (12288K)
 Metaspace       used 171597K, committed 173760K, reserved 1245184K
  class space    used 22551K, committed 23552K, reserved 1048576K
}
Event: 6990.745 GC heap before
{Heap before GC invocations=193 (full 1):
 garbage-first heap   total 1642496K, used 928060K [0x00000006e0000000, 0x0000000800000000)
  region size 4096K, 20 young (81920K), 3 survivors (12288K)
 Metaspace       used 174014K, committed 176192K, reserved 1245184K
  class space    used 22858K, committed 23872K, reserved 1048576K
}
Event: 6990.769 GC heap after
{Heap after GC invocations=194 (full 1):
 garbage-first heap   total 1642496K, used 856052K [0x00000006e0000000, 0x0000000800000000)
  region size 4096K, 2 young (8192K), 2 survivors (8192K)
 Metaspace       used 174014K, committed 176192K, reserved 1245184K
  class space    used 22858K, committed 23872K, reserved 1048576K
}
Event: 6992.694 GC heap before
{Heap before GC invocations=194 (full 1):
 garbage-first heap   total 1642496K, used 929780K [0x00000006e0000000, 0x0000000800000000)
  region size 4096K, 20 young (81920K), 2 survivors (8192K)
 Metaspace       used 174698K, committed 176896K, reserved 1245184K
  class space    used 22891K, committed 23936K, reserved 1048576K
}
Event: 6992.723 GC heap after
{Heap after GC invocations=195 (full 1):
 garbage-first heap   total 1642496K, used 866124K [0x00000006e0000000, 0x0000000800000000)
  region size 4096K, 3 young (12288K), 3 survivors (12288K)
 Metaspace       used 174698K, committed 176896K, reserved 1245184K
  class space    used 22891K, committed 23936K, reserved 1048576K
}
Event: 6997.779 GC heap before
{Heap before GC invocations=195 (full 1):
 garbage-first heap   total 1642496K, used 976716K [0x00000006e0000000, 0x0000000800000000)
  region size 4096K, 31 young (126976K), 3 survivors (12288K)
 Metaspace       used 175755K, committed 177920K, reserved 1245184K
  class space    used 22936K, committed 23936K, reserved 1048576K
}
Event: 6997.977 GC heap after
{Heap after GC invocations=196 (full 1):
 garbage-first heap   total 1642496K, used 876524K [0x00000006e0000000, 0x0000000800000000)
  region size 4096K, 4 young (16384K), 4 survivors (16384K)
 Metaspace       used 175755K, committed 177920K, reserved 1245184K
  class space    used 22936K, committed 23936K, reserved 1048576K
}
Event: 6999.967 GC heap before
{Heap before GC invocations=196 (full 1):
 garbage-first heap   total 1642496K, used 937964K [0x00000006e0000000, 0x0000000800000000)
  region size 4096K, 20 young (81920K), 4 survivors (16384K)
 Metaspace       used 176227K, committed 178368K, reserved 1245184K
  class space    used 22979K, committed 24000K, reserved 1048576K
}
Event: 7000.047 GC heap after
{Heap after GC invocations=197 (full 1):
 garbage-first heap   total 1642496K, used 881459K [0x00000006e0000000, 0x0000000800000000)
  region size 4096K, 2 young (8192K), 2 survivors (8192K)
 Metaspace       used 176227K, committed 178368K, reserved 1245184K
  class space    used 22979K, committed 24000K, reserved 1048576K
}
Event: 7005.565 GC heap before
{Heap before GC invocations=197 (full 1):
 garbage-first heap   total 1642496K, used 1037107K [0x00000006e0000000, 0x0000000800000000)
  region size 4096K, 41 young (167936K), 2 survivors (8192K)
 Metaspace       used 176468K, committed 178624K, reserved 1245184K
  class space    used 22990K, committed 24000K, reserved 1048576K
}
Event: 7005.625 GC heap after
{Heap after GC invocations=198 (full 1):
 garbage-first heap   total 1642496K, used 888156K [0x00000006e0000000, 0x0000000800000000)
  region size 4096K, 3 young (12288K), 3 survivors (12288K)
 Metaspace       used 176468K, committed 178624K, reserved 1245184K
  class space    used 22990K, committed 24000K, reserved 1048576K
}
Event: 7011.910 GC heap before
{Heap before GC invocations=198 (full 1):
 garbage-first heap   total 1642496K, used 1088860K [0x00000006e0000000, 0x0000000800000000)
  region size 4096K, 53 young (217088K), 3 survivors (12288K)
 Metaspace       used 176565K, committed 178816K, reserved 1245184K
  class space    used 22996K, committed 24064K, reserved 1048576K
}
Event: 7012.257 GC heap after
{Heap after GC invocations=199 (full 1):
 garbage-first heap   total 1642496K, used 914070K [0x00000006e0000000, 0x0000000800000000)
  region size 4096K, 7 young (28672K), 7 survivors (28672K)
 Metaspace       used 176565K, committed 178816K, reserved 1245184K
  class space    used 22996K, committed 24064K, reserved 1048576K
}
Event: 7012.955 GC heap before
{Heap before GC invocations=199 (full 1):
 garbage-first heap   total 1642496K, used 963222K [0x00000006e0000000, 0x0000000800000000)
  region size 4096K, 20 young (81920K), 7 survivors (28672K)
 Metaspace       used 176591K, committed 178816K, reserved 1245184K
  class space    used 22996K, committed 24064K, reserved 1048576K
}
Event: 7013.017 GC heap after
{Heap after GC invocations=200 (full 1):
 garbage-first heap   total 1642496K, used 924779K [0x00000006e0000000, 0x0000000800000000)
  region size 4096K, 3 young (12288K), 3 survivors (12288K)
 Metaspace       used 176591K, committed 178816K, reserved 1245184K
  class space    used 22996K, committed 24064K, reserved 1048576K
}
Event: 7014.456 GC heap before
{Heap before GC invocations=200 (full 1):
 garbage-first heap   total 1642496K, used 1088619K [0x00000006e0000000, 0x0000000800000000)
  region size 4096K, 37 young (151552K), 3 survivors (12288K)
 Metaspace       used 176627K, committed 178880K, reserved 1245184K
  class space    used 22996K, committed 24064K, reserved 1048576K
}
Event: 7014.499 GC heap after
{Heap after GC invocations=201 (full 1):
 garbage-first heap   total 1642496K, used 947469K [0x00000006e0000000, 0x0000000800000000)
  region size 4096K, 2 young (8192K), 2 survivors (8192K)
 Metaspace       used 176627K, committed 178880K, reserved 1245184K
  class space    used 22996K, committed 24064K, reserved 1048576K
}
Event: 7023.804 GC heap before
{Heap before GC invocations=201 (full 1):
 garbage-first heap   total 1642496K, used 1230093K [0x00000006e0000000, 0x0000000800000000)
  region size 4096K, 66 young (270336K), 2 survivors (8192K)
 Metaspace       used 176681K, committed 178944K, reserved 1245184K
  class space    used 23002K, committed 24064K, reserved 1048576K
}
Event: 7023.818 GC heap after
{Heap after GC invocations=202 (full 1):
 garbage-first heap   total 1642496K, used 922294K [0x00000006e0000000, 0x0000000800000000)
  region size 4096K, 2 young (8192K), 2 survivors (8192K)
 Metaspace       used 176681K, committed 178944K, reserved 1245184K
  class space    used 23002K, committed 24064K, reserved 1048576K
}

