# JRE version: OpenJDK Runtime Environment Microsoft-11369865 (17.0.15+6) (build 17.0.15+6-LTS)
# Java VM: OpenJDK 64-Bit Server VM Microsoft-11369865 (17.0.15+6-LTS, mixed mode, sharing, tiered, compressed oops, compressed class ptrs, g1 gc, windows-amd64)
GC Precious Log:
 CPUs: 8 total, 8 available
 Memory: 6082M
 Large Page Support: Disabled
 NUMA Support: Disabled
 Compressed Oops: Enabled (32-bit)
 Heap Region Size: 1M
 Heap Min Capacity: 8M
 Heap Initial Capacity: 96M
 Heap Max Capacity: 1522M
 Pre-touch: Disabled
 Parallel Workers: 8
 Concurrent Workers: 2
 Concurrent Refinement Workers: 8
 Periodic GC: Disabled
Heap:
 garbage-first heap   total 116736K, used 81919K [0x00000000a0e00000, 0x0000000100000000)
  region size 1024K, 9 young (9216K), 3 survivors (3072K)
 Metaspace       used 82905K, committed 83200K, reserved 1179648K
  class space    used 8686K, committed 8832K, reserved 1048576K
GC Heap History (20 events):
Event: 49.394 GC heap before
{Heap before GC invocations=22 (full 0):
 garbage-first heap   total 116736K, used 95528K [0x00000000a0e00000, 0x0000000100000000)
  region size 1024K, 34 young (34816K), 2 survivors (2048K)
 Metaspace       used 58993K, committed 59328K, reserved 1114112K
  class space    used 6705K, committed 6848K, reserved 1048576K
}
Event: 49.410 GC heap after
{Heap after GC invocations=23 (full 0):
 garbage-first heap   total 116736K, used 64892K [0x00000000a0e00000, 0x0000000100000000)
  region size 1024K, 4 young (4096K), 4 survivors (4096K)
 Metaspace       used 58993K, committed 59328K, reserved 1114112K
  class space    used 6705K, committed 6848K, reserved 1048576K
}
Event: 49.728 GC heap before
{Heap before GC invocations=23 (full 0):
 garbage-first heap   total 116736K, used 65916K [0x00000000a0e00000, 0x0000000100000000)
  region size 1024K, 5 young (5120K), 4 survivors (4096K)
 Metaspace       used 59131K, committed 59456K, reserved 1114112K
  class space    used 6723K, committed 6848K, reserved 1048576K
}
Event: 49.748 GC heap after
{Heap after GC invocations=24 (full 0):
 garbage-first heap   total 116736K, used 64754K [0x00000000a0e00000, 0x0000000100000000)
  region size 1024K, 1 young (1024K), 1 survivors (1024K)
 Metaspace       used 59131K, committed 59456K, reserved 1114112K
  class space    used 6723K, committed 6848K, reserved 1048576K
}
Event: 58.345 GC heap before
{Heap before GC invocations=24 (full 0):
 garbage-first heap   total 116736K, used 95474K [0x00000000a0e00000, 0x0000000100000000)
  region size 1024K, 31 young (31744K), 1 survivors (1024K)
 Metaspace       used 60090K, committed 60416K, reserved 1114112K
  class space    used 6724K, committed 6848K, reserved 1048576K
}
Event: 58.354 GC heap after
{Heap after GC invocations=25 (full 0):
 garbage-first heap   total 116736K, used 64455K [0x00000000a0e00000, 0x0000000100000000)
  region size 1024K, 1 young (1024K), 1 survivors (1024K)
 Metaspace       used 60090K, committed 60416K, reserved 1114112K
  class space    used 6724K, committed 6848K, reserved 1048576K
}
Event: 62.770 GC heap before
{Heap before GC invocations=26 (full 0):
 garbage-first heap   total 116736K, used 97223K [0x00000000a0e00000, 0x0000000100000000)
  region size 1024K, 33 young (33792K), 1 survivors (1024K)
 Metaspace       used 63365K, committed 63680K, reserved 1114112K
  class space    used 7014K, committed 7168K, reserved 1048576K
}
Event: 62.784 GC heap after
{Heap after GC invocations=27 (full 0):
 garbage-first heap   total 116736K, used 66197K [0x00000000a0e00000, 0x0000000100000000)
  region size 1024K, 3 young (3072K), 3 survivors (3072K)
 Metaspace       used 63365K, committed 63680K, reserved 1114112K
  class space    used 7014K, committed 7168K, reserved 1048576K
}
Event: 62.890 GC heap before
{Heap before GC invocations=27 (full 0):
 garbage-first heap   total 116736K, used 67221K [0x00000000a0e00000, 0x0000000100000000)
  region size 1024K, 5 young (5120K), 3 survivors (3072K)
 Metaspace       used 63860K, committed 64128K, reserved 1114112K
  class space    used 7041K, committed 7168K, reserved 1048576K
}
Event: 62.903 GC heap after
{Heap after GC invocations=28 (full 0):
 garbage-first heap   total 116736K, used 65992K [0x00000000a0e00000, 0x0000000100000000)
  region size 1024K, 1 young (1024K), 1 survivors (1024K)
 Metaspace       used 63860K, committed 64128K, reserved 1114112K
  class space    used 7041K, committed 7168K, reserved 1048576K
}
Event: 66.040 GC heap before
{Heap before GC invocations=28 (full 0):
 garbage-first heap   total 116736K, used 96712K [0x00000000a0e00000, 0x0000000100000000)
  region size 1024K, 31 young (31744K), 1 survivors (1024K)
 Metaspace       used 67058K, committed 67392K, reserved 1114112K
  class space    used 7323K, committed 7488K, reserved 1048576K
}
Event: 66.060 GC heap after
{Heap after GC invocations=29 (full 0):
 garbage-first heap   total 116736K, used 70560K [0x00000000a0e00000, 0x0000000100000000)
  region size 1024K, 4 young (4096K), 4 survivors (4096K)
 Metaspace       used 67058K, committed 67392K, reserved 1114112K
  class space    used 7323K, committed 7488K, reserved 1048576K
}
Event: 67.726 GC heap before
{Heap before GC invocations=29 (full 0):
 garbage-first heap   total 116736K, used 95136K [0x00000000a0e00000, 0x0000000100000000)
  region size 1024K, 29 young (29696K), 4 survivors (4096K)
 Metaspace       used 70723K, committed 71040K, reserved 1114112K
  class space    used 7655K, committed 7808K, reserved 1048576K
}
Event: 67.751 GC heap after
{Heap after GC invocations=30 (full 0):
 garbage-first heap   total 116736K, used 72544K [0x00000000a0e00000, 0x0000000100000000)
  region size 1024K, 2 young (2048K), 2 survivors (2048K)
 Metaspace       used 70723K, committed 71040K, reserved 1114112K
  class space    used 7655K, committed 7808K, reserved 1048576K
}
Event: 70.873 GC heap before
{Heap before GC invocations=30 (full 0):
 garbage-first heap   total 116736K, used 97120K [0x00000000a0e00000, 0x0000000100000000)
  region size 1024K, 26 young (26624K), 2 survivors (2048K)
 Metaspace       used 74041K, committed 74368K, reserved 1179648K
  class space    used 7936K, committed 8064K, reserved 1048576K
}
Event: 70.886 GC heap after
{Heap after GC invocations=31 (full 0):
 garbage-first heap   total 116736K, used 73850K [0x00000000a0e00000, 0x0000000100000000)
  region size 1024K, 4 young (4096K), 4 survivors (4096K)
 Metaspace       used 74041K, committed 74368K, reserved 1179648K
  class space    used 7936K, committed 8064K, reserved 1048576K
}
Event: 74.222 GC heap before
{Heap before GC invocations=31 (full 0):
 garbage-first heap   total 116736K, used 96378K [0x00000000a0e00000, 0x0000000100000000)
  region size 1024K, 27 young (27648K), 4 survivors (4096K)
 Metaspace       used 76997K, committed 77376K, reserved 1179648K
  class space    used 8180K, committed 8320K, reserved 1048576K
}
Event: 74.252 GC heap after
{Heap after GC invocations=32 (full 0):
 garbage-first heap   total 116736K, used 75239K [0x00000000a0e00000, 0x0000000100000000)
  region size 1024K, 3 young (3072K), 3 survivors (3072K)
 Metaspace       used 76997K, committed 77376K, reserved 1179648K
  class space    used 8180K, committed 8320K, reserved 1048576K
}
Event: 77.543 GC heap before
{Heap before GC invocations=32 (full 0):
 garbage-first heap   total 116736K, used 96743K [0x00000000a0e00000, 0x0000000100000000)
  region size 1024K, 25 young (25600K), 3 survivors (3072K)
 Metaspace       used 81500K, committed 81856K, reserved 1179648K
  class space    used 8540K, committed 8704K, reserved 1048576K
}
Event: 77.566 GC heap after
{Heap after GC invocations=33 (full 0):
 garbage-first heap   total 116736K, used 76799K [0x00000000a0e00000, 0x0000000100000000)
  region size 1024K, 3 young (3072K), 3 survivors (3072K)
 Metaspace       used 81500K, committed 81856K, reserved 1179648K
  class space    used 8540K, committed 8704K, reserved 1048576K
}

